assets/images/build/app/intermediates/manifest_merge_blame_file/debug/manifest-merger-blame-debug-report.txt
1<?xml version="1.0" encoding="utf-8"?>
2<manifest xmlns:android="http://schemas.android.com/apk/res/android"
3    package="com.example.zing"
4    android:versionCode="1"
5    android:versionName="0.1.0" >
6
7    <uses-sdk
8        android:minSdkVersion="21"
9        android:targetSdkVersion="33" />
10    <!--
11         The INTERNET permission is required for development. Specifically,
12         the Flutter tool needs it to communicate with the running application
13         to allow setting breakpoints, to provide hot reload, etc.
14    -->
15    <uses-permission android:name="android.permission.INTERNET" />
15-->src\main\AndroidManifest.xml:10:5-67
15-->src\main\AndroidManifest.xml:10:22-64
16    <uses-permission android:name="android.permission.WRITE_EXTERNAL_STORAGE" />
16-->src\main\AndroidManifest.xml:4:5-80
16-->src\main\AndroidManifest.xml:4:22-78
17    <uses-permission android:name="android.permission.READ_EXTERNAL_STORAGE" />
17-->src\main\AndroidManifest.xml:5:5-79
17-->src\main\AndroidManifest.xml:5:22-77
18    <uses-permission android:name="android.permission.READ_MEDIA_AUDIO" />
18-->src\main\AndroidManifest.xml:6:5-74
18-->src\main\AndroidManifest.xml:6:22-72
19    <uses-permission android:name="android.permission.READ_MEDIA_IMAGES" />
19-->src\main\AndroidManifest.xml:7:5-75
19-->src\main\AndroidManifest.xml:7:22-73
20    <uses-permission android:name="android.permission.FOREGROUND_SERVICE" />
20-->src\main\AndroidManifest.xml:8:5-76
20-->src\main\AndroidManifest.xml:8:22-74
21    <uses-permission android:name="android.permission.WAKE_LOCK" />
21-->src\main\AndroidManifest.xml:9:5-67
21-->src\main\AndroidManifest.xml:9:22-65
22    <uses-permission android:name="android.permission.ACCESS_NETWORK_STATE" />
22-->src\main\AndroidManifest.xml:11:5-79
22-->src\main\AndroidManifest.xml:11:22-76
23
24    <queries>
24-->src\main\AndroidManifest.xml:59:5-64:15
25        <intent>
25-->src\main\AndroidManifest.xml:60:9-63:18
26            <action android:name="android.intent.action.PROCESS_TEXT" />
26-->src\main\AndroidManifest.xml:61:13-72
26-->src\main\AndroidManifest.xml:61:21-70
27
28            <data android:mimeType="text/plain" />
28-->src\main\AndroidManifest.xml:62:13-50
28-->src\main\AndroidManifest.xml:62:19-48
29        </intent>
30        <intent>
30-->[androidx.media2:media2-session:1.2.1] AndroidManifest.xml:25:9-27:18
31            <action android:name="android.media.browse.MediaBrowserService" />
31-->[androidx.media2:media2-session:1.2.1] AndroidManifest.xml:26:13-79
31-->[androidx.media2:media2-session:1.2.1] AndroidManifest.xml:26:21-76
32        </intent>
33        <intent>
33-->[androidx.media2:media2-session:1.2.1] AndroidManifest.xml:28:9-30:18
34            <action android:name="androidx.media2.session.MediaSessionService" />
34-->[androidx.media2:media2-session:1.2.1] AndroidManifest.xml:29:13-82
34-->[androidx.media2:media2-session:1.2.1] AndroidManifest.xml:29:21-79
35        </intent>
36        <intent>
36-->[androidx.media2:media2-session:1.2.1] AndroidManifest.xml:31:9-33:18
37            <action android:name="androidx.media2.session.MediaLibraryService" />
37-->[androidx.media2:media2-session:1.2.1] AndroidManifest.xml:32:13-82
37-->[androidx.media2:media2-session:1.2.1] AndroidManifest.xml:32:21-79
38        </intent>
39    </queries>
40
41    <permission
41-->[androidx.core:core:1.10.1] AndroidManifest.xml:22:5-24:47
42        android:name="com.example.zing.DYNAMIC_RECEIVER_NOT_EXPORTED_PERMISSION"
42-->[androidx.core:core:1.10.1] AndroidManifest.xml:23:9-81
43        android:protectionLevel="signature" />
43-->[androidx.core:core:1.10.1] AndroidManifest.xml:24:9-44
44
45    <uses-permission android:name="com.example.zing.DYNAMIC_RECEIVER_NOT_EXPORTED_PERMISSION" />
45-->[androidx.core:core:1.10.1] AndroidManifest.xml:26:5-97
45-->[androidx.core:core:1.10.1] AndroidManifest.xml:26:22-94
46
47    <application
48        android:name="io.flutter.app.FlutterMultiDexApplication"
49        android:appComponentFactory="androidx.core.app.CoreComponentFactory"
49-->[androidx.core:core:1.10.1] AndroidManifest.xml:28:18-86
50        android:debuggable="true"
51        android:icon="@mipmap/ic_launcher"
52        android:label="Zing"
53        android:requestLegacyExternalStorage="true" >
54        <activity
55            android:name="com.ryanheise.audioservice.AudioServiceActivity"
56            android:configChanges="orientation|keyboardHidden|keyboard|screenSize|smallestScreenSize|locale|layoutDirection|fontScale|screenLayout|density|uiMode"
57            android:exported="true"
58            android:hardwareAccelerated="true"
59            android:launchMode="singleTop"
60            android:theme="@style/LaunchTheme"
61            android:windowSoftInputMode="adjustResize" >
62            <meta-data
63                android:name="io.flutter.embedding.android.NormalTheme"
64                android:resource="@style/NormalTheme" />
65
66            <intent-filter>
67                <action android:name="android.intent.action.MAIN" />
68
69                <category android:name="android.intent.category.LAUNCHER" />
70            </intent-filter>
71        </activity>
72
73        <service
74            android:name="com.ryanheise.audioservice.AudioService"
75            android:exported="true"
76            android:foregroundServiceType="mediaPlayback" >
77            <intent-filter>
78                <action android:name="android.media.browse.MediaBrowserService" />
78-->[androidx.media2:media2-session:1.2.1] AndroidManifest.xml:26:13-79
78-->[androidx.media2:media2-session:1.2.1] AndroidManifest.xml:26:21-76
79            </intent-filter>
80        </service>
81
82        <receiver
83            android:name="com.ryanheise.audioservice.MediaButtonReceiver"
84            android:exported="true" >
85            <intent-filter>
86                <action android:name="android.intent.action.MEDIA_BUTTON" />
87            </intent-filter>
88        </receiver>
89
90        <meta-data
91            android:name="flutterEmbedding"
92            android:value="2" />
93
94        <activity
94-->[:url_launcher_android] AndroidManifest.xml:10:9-13:74
95            android:name="io.flutter.plugins.urllauncher.WebViewActivity"
95-->[:url_launcher_android] AndroidManifest.xml:11:13-74
96            android:exported="false"
96-->[:url_launcher_android] AndroidManifest.xml:12:13-37
97            android:theme="@android:style/Theme.NoTitleBar.Fullscreen" />
97-->[:url_launcher_android] AndroidManifest.xml:13:13-71
98
99        <uses-library
99-->[androidx.window:window:1.0.0-beta04] AndroidManifest.xml:25:9-27:40
100            android:name="androidx.window.extensions"
100-->[androidx.window:window:1.0.0-beta04] AndroidManifest.xml:26:13-54
101            android:required="false" />
101-->[androidx.window:window:1.0.0-beta04] AndroidManifest.xml:27:13-37
102        <uses-library
102-->[androidx.window:window:1.0.0-beta04] AndroidManifest.xml:28:9-30:40
103            android:name="androidx.window.sidecar"
103-->[androidx.window:window:1.0.0-beta04] AndroidManifest.xml:29:13-51
104            android:required="false" />
104-->[androidx.window:window:1.0.0-beta04] AndroidManifest.xml:30:13-37
105    </application>
106
107</manifest>